<?xml version="1.0" encoding="UTF-8"?>
<!-- Generated by org.testng.reporters.JUnitReportReporter -->
<testsuite hostname="LAPTOP-AV5PU6VF" name="com.fileUpload.UploadImage" tests="1" failures="0" timestamp="19 Apr 2018 15:10:39 GMT" time="2.524" errors="0">
  <testcase name="ImageUpload" time="2.524" classname="com.fileUpload.UploadImage"/>
</testsuite> <!-- com.fileUpload.UploadImage -->
