<?xml version="1.0" encoding="UTF-8"?>
<!-- Generated by org.testng.reporters.JUnitReportReporter -->
<testsuite hostname="LAPTOP-AV5PU6VF" name="com.HybridFW.NewTours_UserRegistration" tests="2" failures="0" timestamp="13 Apr 2018 06:00:09 GMT" time="15.892" errors="0">
  <testcase name="UserRegistration" time="15.508" classname="com.HybridFW.NewTours_UserRegistration"/>
  <testcase name="Register" time="0.384" classname="com.HybridFW.NewTours_UserRegistration"/>
</testsuite> <!-- com.HybridFW.NewTours_UserRegistration -->
