<?xml version="1.0" encoding="UTF-8"?>
<!-- Generated by org.testng.reporters.JUnitReportReporter -->
<testsuite hostname="LAPTOP-AV5PU6VF" name="com.LinksTesting.NewToursHomePG_LinksTesting" tests="1" failures="0" timestamp="11 Apr 2018 04:39:16 GMT" time="32.164" errors="0">
  <testcase name="HomeLinks" time="32.164" classname="com.LinksTesting.NewToursHomePG_LinksTesting"/>
</testsuite> <!-- com.LinksTesting.NewToursHomePG_LinksTesting -->
