<?xml version="1.0" encoding="UTF-8"?>
<!-- Generated by org.testng.reporters.JUnitReportReporter -->
<testsuite hostname="LAPTOP-AV5PU6VF" name="com.TestNGAnnotations.Annotations2" tests="2" failures="0" timestamp="9 Apr 2018 15:05:31 GMT" time="0.015" errors="0">
  <testcase name="SentMail" time="0.002" classname="com.TestNGAnnotations.Annotations2"/>
  <testcase name="Composemail" time="0.013" classname="com.TestNGAnnotations.Annotations2"/>
</testsuite> <!-- com.TestNGAnnotations.Annotations2 -->
