<?xml version="1.0" encoding="UTF-8"?>
<!-- Generated by org.testng.reporters.JUnitReportReporter -->
<testsuite hostname="LAPTOP-AV5PU6VF" name="com.TestNGAnnotations.NewTours_Register_Dropdown_Annotation" tests="1" failures="0" timestamp="10 Apr 2018 04:09:32 GMT" time="0.781" errors="0">
  <testcase name="ExcelRead" time="0.781" classname="com.TestNGAnnotations.NewTours_Register_Dropdown_Annotation"/>
</testsuite> <!-- com.TestNGAnnotations.NewTours_Register_Dropdown_Annotation -->
