<?xml version="1.0" encoding="UTF-8"?>
<!-- Generated by org.testng.reporters.JUnitReportReporter -->
<testsuite hostname="LAPTOP-AV5PU6VF" name="com.TestNGAnnotations.Annotations3" tests="2" failures="0" timestamp="9 Apr 2018 15:08:28 GMT" time="0.013" errors="0">
  <testcase name="SentMail" time="0.008" classname="com.TestNGAnnotations.Annotations3"/>
  <testcase name="Composemail" time="0.005" classname="com.TestNGAnnotations.Annotations3"/>
</testsuite> <!-- com.TestNGAnnotations.Annotations3 -->
