<?xml version="1.0" encoding="UTF-8"?>
<!-- Generated by org.testng.reporters.JUnitReportReporter -->
<testsuite hostname="LAPTOP-AV5PU6VF" name="com.Grid.NewTours_LogInTest" tests="2" failures="0" timestamp="17 Apr 2018 15:23:45 GMT" time="32.152" errors="0">
  <testcase name="logIn" time="11.759" classname="com.Grid.NewTours_LogInTest"/>
  <testcase name="logIn" time="20.393" classname="com.Grid.NewTours_LogInTest"/>
</testsuite> <!-- com.Grid.NewTours_LogInTest -->
