<?xml version="1.0" encoding="UTF-8"?>
<!-- Generated by org.testng.reporters.JUnitReportReporter -->
<testsuite hostname="LAPTOP-AV5PU6VF" name="com.POM.NewToursApplicationHomePageTesting" tests="1" failures="0" timestamp="16 Apr 2018 14:39:33 GMT" time="57.198" errors="0">
  <testcase name="HomePageTesting" time="57.198" classname="com.POM.NewToursApplicationHomePageTesting"/>
</testsuite> <!-- com.POM.NewToursApplicationHomePageTesting -->
