<?xml version="1.0" encoding="UTF-8"?>
<!-- Generated by org.testng.reporters.JUnitReportReporter -->
<testsuite hostname="LAPTOP-AV5PU6VF" name="com.DataDriven.NewTours_NewUserRegistration" tests="2" failures="0" timestamp="12 Apr 2018 16:36:57 GMT" time="16.944" errors="0">
  <testcase name="UserRegistration" time="16.212" classname="com.DataDriven.NewTours_NewUserRegistration"/>
  <testcase name="Register" time="0.732" classname="com.DataDriven.NewTours_NewUserRegistration"/>
</testsuite> <!-- com.DataDriven.NewTours_NewUserRegistration -->
