<?xml version="1.0" encoding="UTF-8"?>
<!-- Generated by org.testng.reporters.JUnitReportReporter -->
<testsuite hostname="LAPTOP-AV5PU6VF" name="com.TestNGAnnotations.Annotations1" tests="3" failures="0" timestamp="9 Apr 2018 15:01:58 GMT" time="0.024" errors="0">
  <testcase name="LogIn" time="0.003" classname="com.TestNGAnnotations.Annotations1"/>
  <testcase name="BrowserLaunch" time="0.015" classname="com.TestNGAnnotations.Annotations1"/>
  <testcase name="Composemail" time="0.006" classname="com.TestNGAnnotations.Annotations1"/>
</testsuite> <!-- com.TestNGAnnotations.Annotations1 -->
