<?xml version="1.0" encoding="UTF-8"?>
<!-- Generated by org.testng.reporters.JUnitReportReporter -->
<testsuite skipped="0" hostname="LAPTOP-AV5PU6VF" name="com.newToursLoginTest.MyMavenPrj.LogInTest" tests="1" failures="0" timestamp="23 Apr 2018 15:11:18 GMT" time="2.674" errors="0">
  <testcase name="LogIn" time="2.674" classname="com.newToursLoginTest.MyMavenPrj.LogInTest"/>
</testsuite> <!-- com.newToursLoginTest.MyMavenPrj.LogInTest -->
